<?xml version="1.0" encoding="UTF-8"?>
<!-- Generated by org.testng.reporters.JUnitReportReporter -->
<testsuite hostname="lin76005087" failures="0" tests="5" name="TestCases.TestRunner" time="14.348" errors="0" timestamp="2023-12-28T10:58:32 IST" skipped="0">
  <testcase classname="TestCases.TestRunner" name="verifyAddProduct" time="1.246"/>
  <testcase classname="TestCases.TestRunner" name="verifyCartPage" time="4.562"/>
  <testcase classname="TestCases.TestRunner" name="addingMultipleProduct" time="2.593"/>
  <testcase classname="TestCases.TestRunner" name="placeOrder" time="4.183"/>
  <testcase classname="TestCases.TestRunner" name="resetAppstate" time="1.764"/>
</testsuite> <!-- TestCases.TestRunner -->
